app/build/intermediates/manifest_merge_blame_file/debug/manifest-merger-blame-debug-report.txt
1<?xml version="1.0" encoding="utf-8"?>
2<manifest xmlns:android="http://schemas.android.com/apk/res/android"
3    package="com.example.bhakoo.letusc"
4    android:versionCode="1"
5    android:versionName="1.0" >
6
7    <uses-sdk
8        android:minSdkVersion="16"
8-->src\main\AndroidManifest.xml
9        android:targetSdkVersion="26" />
9-->src\main\AndroidManifest.xml
10
11    <uses-permission android:name="android.permission.INTERNET" />
11-->src\main\AndroidManifest.xml:4:5-67
11-->src\main\AndroidManifest.xml:4:22-64
12
13    <meta-data
13-->[com.android.support:design:25.3.1] AndroidManifest.xml:25:5-27:34
14        android:name="android.support.VERSION"
14-->[com.android.support:design:25.3.1] AndroidManifest.xml:26:9-47
15        android:value="25.3.1" />
15-->[com.android.support:design:25.3.1] AndroidManifest.xml:27:9-31
16
17    <application
17-->src\main\AndroidManifest.xml:5:5-72:19
18        android:allowBackup="true"
18-->src\main\AndroidManifest.xml:6:9-35
19        android:debuggable="true"
20        android:icon="@drawable/icon"
20-->src\main\AndroidManifest.xml:7:9-38
21        android:label="@string/app_name"
21-->src\main\AndroidManifest.xml:8:9-41
22        android:supportsRtl="true"
22-->src\main\AndroidManifest.xml:9:9-35
23        android:theme="@style/AppTheme" >
23-->src\main\AndroidManifest.xml:10:9-40
24        <activity android:name="com.example.bhakoo.letusc.MainActivity" >
24-->src\main\AndroidManifest.xml:11:9-17:20
24-->src\main\AndroidManifest.xml:11:19-47
25            <intent-filter>
25-->src\main\AndroidManifest.xml:12:13-16:29
26                <action android:name="android.intent.action.MAIN" />
26-->src\main\AndroidManifest.xml:13:17-69
26-->src\main\AndroidManifest.xml:13:25-66
27
28                <category android:name="android.intent.category.LAUNCHER" />
28-->src\main\AndroidManifest.xml:15:17-77
28-->src\main\AndroidManifest.xml:15:27-74
29            </intent-filter>
30        </activity>
31        <activity android:name="com.example.bhakoo.letusc.Tutorial" />
31-->src\main\AndroidManifest.xml:18:9-46
31-->src\main\AndroidManifest.xml:18:19-43
32        <activity android:name="com.example.bhakoo.letusc.Questions" />
32-->src\main\AndroidManifest.xml:19:9-47
32-->src\main\AndroidManifest.xml:19:19-44
33        <activity android:name="com.example.bhakoo.letusc.ListItemActivity1" />
33-->src\main\AndroidManifest.xml:20:9-55
33-->src\main\AndroidManifest.xml:20:19-52
34        <activity android:name="com.example.bhakoo.letusc.ListItemActivity2" />
34-->src\main\AndroidManifest.xml:21:9-55
34-->src\main\AndroidManifest.xml:21:19-52
35        <activity android:name="com.example.bhakoo.letusc.ListItemActivity3" />
35-->src\main\AndroidManifest.xml:22:9-55
35-->src\main\AndroidManifest.xml:22:19-52
36        <activity android:name="com.example.bhakoo.letusc.ListItemActivity4" />
36-->src\main\AndroidManifest.xml:23:9-55
36-->src\main\AndroidManifest.xml:23:19-52
37        <activity android:name="com.example.bhakoo.letusc.ListItemActivity5" />
37-->src\main\AndroidManifest.xml:24:9-55
37-->src\main\AndroidManifest.xml:24:19-52
38        <activity android:name="com.example.bhakoo.letusc.ListItemActivity6" />
38-->src\main\AndroidManifest.xml:25:9-55
38-->src\main\AndroidManifest.xml:25:19-52
39        <activity android:name="com.example.bhakoo.letusc.ListItemActivity7" />
39-->src\main\AndroidManifest.xml:26:9-55
39-->src\main\AndroidManifest.xml:26:19-52
40        <activity android:name="com.example.bhakoo.letusc.ListItemActivity8" />
40-->src\main\AndroidManifest.xml:27:9-55
40-->src\main\AndroidManifest.xml:27:19-52
41        <activity android:name="com.example.bhakoo.letusc.ListItemActivity9" />
41-->src\main\AndroidManifest.xml:28:9-55
41-->src\main\AndroidManifest.xml:28:19-52
42        <activity android:name="com.example.bhakoo.letusc.ListItemActivity10" />
42-->src\main\AndroidManifest.xml:29:9-56
42-->src\main\AndroidManifest.xml:29:19-53
43        <activity android:name="com.example.bhakoo.letusc.ListItemActivity2_1" />
43-->src\main\AndroidManifest.xml:30:9-57
43-->src\main\AndroidManifest.xml:30:19-54
44        <activity android:name="com.example.bhakoo.letusc.ListItemActivity3_1" />
44-->src\main\AndroidManifest.xml:31:9-57
44-->src\main\AndroidManifest.xml:31:19-54
45        <activity android:name="com.example.bhakoo.letusc.ListItemActivity3_2" />
45-->src\main\AndroidManifest.xml:32:9-57
45-->src\main\AndroidManifest.xml:32:19-54
46        <activity android:name="com.example.bhakoo.letusc.ListItemActivity3_3" />
46-->src\main\AndroidManifest.xml:33:9-57
46-->src\main\AndroidManifest.xml:33:19-54
47        <activity android:name="com.example.bhakoo.letusc.ListItemActivity3_4" />
47-->src\main\AndroidManifest.xml:34:9-57
47-->src\main\AndroidManifest.xml:34:19-54
48        <activity android:name="com.example.bhakoo.letusc.ListItemActivity3_5" />
48-->src\main\AndroidManifest.xml:35:9-57
48-->src\main\AndroidManifest.xml:35:19-54
49        <activity android:name="com.example.bhakoo.letusc.ListItemActivity4_1" />
49-->src\main\AndroidManifest.xml:36:9-57
49-->src\main\AndroidManifest.xml:36:19-54
50        <activity android:name="com.example.bhakoo.letusc.ListItemActivity4_2" />
50-->src\main\AndroidManifest.xml:37:9-57
50-->src\main\AndroidManifest.xml:37:19-54
51        <activity android:name="com.example.bhakoo.letusc.ListItemActivity4_3" />
51-->src\main\AndroidManifest.xml:38:9-57
51-->src\main\AndroidManifest.xml:38:19-54
52        <activity android:name="com.example.bhakoo.letusc.ListItemActivity4_4" />
52-->src\main\AndroidManifest.xml:39:9-57
52-->src\main\AndroidManifest.xml:39:19-54
53        <activity android:name="com.example.bhakoo.letusc.ListItemActivity4_5" />
53-->src\main\AndroidManifest.xml:40:9-57
53-->src\main\AndroidManifest.xml:40:19-54
54        <activity android:name="com.example.bhakoo.letusc.ListItemActivity4_6" />
54-->src\main\AndroidManifest.xml:41:9-57
54-->src\main\AndroidManifest.xml:41:19-54
55        <activity android:name="com.example.bhakoo.letusc.ListItemActivity5_1" />
55-->src\main\AndroidManifest.xml:42:9-57
55-->src\main\AndroidManifest.xml:42:19-54
56        <activity android:name="com.example.bhakoo.letusc.ListItemActivity5_2" />
56-->src\main\AndroidManifest.xml:43:9-57
56-->src\main\AndroidManifest.xml:43:19-54
57        <activity android:name="com.example.bhakoo.letusc.ListItemActivity5_3" />
57-->src\main\AndroidManifest.xml:44:9-57
57-->src\main\AndroidManifest.xml:44:19-54
58        <activity android:name="com.example.bhakoo.letusc.ListItemActivity5_4" />
58-->src\main\AndroidManifest.xml:45:9-57
58-->src\main\AndroidManifest.xml:45:19-54
59        <activity android:name="com.example.bhakoo.letusc.ListItemActivity6_1" />
59-->src\main\AndroidManifest.xml:46:9-57
59-->src\main\AndroidManifest.xml:46:19-54
60        <activity android:name="com.example.bhakoo.letusc.ListItemActivity6_2" />
60-->src\main\AndroidManifest.xml:47:9-57
60-->src\main\AndroidManifest.xml:47:19-54
61        <activity android:name="com.example.bhakoo.letusc.ListItemActivity6_3" />
61-->src\main\AndroidManifest.xml:48:9-57
61-->src\main\AndroidManifest.xml:48:19-54
62        <activity android:name="com.example.bhakoo.letusc.ListItemActivity6_4" />
62-->src\main\AndroidManifest.xml:49:9-57
62-->src\main\AndroidManifest.xml:49:19-54
63        <activity android:name="com.example.bhakoo.letusc.ListItemActivity6_5" />
63-->src\main\AndroidManifest.xml:50:9-57
63-->src\main\AndroidManifest.xml:50:19-54
64        <activity android:name="com.example.bhakoo.letusc.ListItemActivity7_1" />
64-->src\main\AndroidManifest.xml:51:9-57
64-->src\main\AndroidManifest.xml:51:19-54
65        <activity android:name="com.example.bhakoo.letusc.ListItemActivity7_2" />
65-->src\main\AndroidManifest.xml:52:9-57
65-->src\main\AndroidManifest.xml:52:19-54
66        <activity android:name="com.example.bhakoo.letusc.ListItemActivity7_3" />
66-->src\main\AndroidManifest.xml:53:9-57
66-->src\main\AndroidManifest.xml:53:19-54
67        <activity android:name="com.example.bhakoo.letusc.ListItemActivity7_4" />
67-->src\main\AndroidManifest.xml:54:9-57
67-->src\main\AndroidManifest.xml:54:19-54
68        <activity android:name="com.example.bhakoo.letusc.ListItemActivity8_1" />
68-->src\main\AndroidManifest.xml:55:9-57
68-->src\main\AndroidManifest.xml:55:19-54
69        <activity android:name="com.example.bhakoo.letusc.ListItemActivity8_2" />
69-->src\main\AndroidManifest.xml:56:9-57
69-->src\main\AndroidManifest.xml:56:19-54
70        <activity android:name="com.example.bhakoo.letusc.ListItemActivity8_3" />
70-->src\main\AndroidManifest.xml:57:9-57
70-->src\main\AndroidManifest.xml:57:19-54
71        <activity android:name="com.example.bhakoo.letusc.ListItemActivity8_4" />
71-->src\main\AndroidManifest.xml:58:9-57
71-->src\main\AndroidManifest.xml:58:19-54
72        <activity android:name="com.example.bhakoo.letusc.ListItemActivity8_5" />
72-->src\main\AndroidManifest.xml:59:9-57
72-->src\main\AndroidManifest.xml:59:19-54
73        <activity android:name="com.example.bhakoo.letusc.ListItemActivity8_6" />
73-->src\main\AndroidManifest.xml:60:9-57
73-->src\main\AndroidManifest.xml:60:19-54
74        <activity android:name="com.example.bhakoo.letusc.ListItemActivity8_7" />
74-->src\main\AndroidManifest.xml:61:9-57
74-->src\main\AndroidManifest.xml:61:19-54
75        <activity android:name="com.example.bhakoo.letusc.ListItemActivity8_8" />
75-->src\main\AndroidManifest.xml:62:9-57
75-->src\main\AndroidManifest.xml:62:19-54
76        <activity android:name="com.example.bhakoo.letusc.ListItemActivity8_9" />
76-->src\main\AndroidManifest.xml:63:9-57
76-->src\main\AndroidManifest.xml:63:19-54
77        <activity android:name="com.example.bhakoo.letusc.ListItemActivity9_1" />
77-->src\main\AndroidManifest.xml:64:9-57
77-->src\main\AndroidManifest.xml:64:19-54
78        <activity android:name="com.example.bhakoo.letusc.ListItemActivity10_1" />
78-->src\main\AndroidManifest.xml:65:9-58
78-->src\main\AndroidManifest.xml:65:19-55
79        <activity android:name="com.example.bhakoo.letusc.ListItemActivity10_2" />
79-->src\main\AndroidManifest.xml:66:9-58
79-->src\main\AndroidManifest.xml:66:19-55
80        <activity android:name="com.example.bhakoo.letusc.ListItemActivity10_3" />
80-->src\main\AndroidManifest.xml:67:9-58
80-->src\main\AndroidManifest.xml:67:19-55
81        <activity android:name="com.example.bhakoo.letusc.ListItemActivity10_4" />
81-->src\main\AndroidManifest.xml:68:9-58
81-->src\main\AndroidManifest.xml:68:19-55
82        <activity android:name="com.example.bhakoo.letusc.ListItemActivity1_1" />
82-->src\main\AndroidManifest.xml:69:9-57
82-->src\main\AndroidManifest.xml:69:19-54
83        <activity android:name="com.example.bhakoo.letusc.ListItemActivity1_2" />
83-->src\main\AndroidManifest.xml:70:9-57
83-->src\main\AndroidManifest.xml:70:19-54
84        <activity android:name="com.example.bhakoo.letusc.compiler" />
84-->src\main\AndroidManifest.xml:71:9-55
84-->src\main\AndroidManifest.xml:71:19-43
85    </application>
86
87</manifest>